‚ö†Ô∏è  psutil not available - memory monitoring disabled
üöÄ Chess Engine Performance Testing Suite
============================================================
Found 1 implementation(s) to test

============================================================
Testing swift implementation
Path: implementations/swift
============================================================
üßπ Clearing build cache...
‚úÖ Local cache cleared with make clean
‚úÖ Cache clearing completed
üîç Running static analysis...
‚úÖ Analysis completed in 1.09s
üî® Building implementation...
‚ùå Build failed in 0.40s

================================================================================
CHESS ENGINE PERFORMANCE TEST REPORT
Generated: 2025-10-22 22:18:04
================================================================================

PERFORMANCE SUMMARY
--------------------------------------------------------------------------------
Language     Status     Analyze  Build    Test     Memory     Tests   
--------------------------------------------------------------------------------
swift        failed         1.1s     0.4s     0.0s        0MB 0/0     

============================================================
DETAILED RESULTS: SWIFT
============================================================

TIMING BREAKDOWN:
  Analyze Seconds: 1.09s
  Build Seconds: 0.40s

MEMORY USAGE:
  Analyze: Peak 0.0MB, Avg 0.0MB
  Build: Peak 0.0MB, Avg 0.0MB

ERRORS:
  ‚ùå Analysis warnings: error: 'swift': Source files for target Chess should be located under 'Sources/Chess', or a custom sources path can be set with the 'path' property in Package.swift
make: *** [analyze] Error 1

  ‚ùå Build failed: error: 'swift': Source files for target Chess should be located under 'Sources/Chess', or a custom sources path can be set with the 'path' property in Package.swift
make: *** [build] Error 1

  ‚ùå Test failed: Build failed with exit code 2

================================================================================

üìÑ Text report saved to benchmark_reports/performance_report_swift.txt
üìÑ JSON results saved to benchmark_reports/performance_data_swift.json

‚ùå 1 implementation(s) failed testing
